<?xml version="1.0" encoding="UTF-8"?>
<!-- Generated by org.testng.reporters.JUnitXMLReporter -->
<testsuite hostname="DESKTOP-RTOOT5Q" name="Command line test" tests="4" failures="4" timestamp="2 Sep 2020 03:08:31 GMT" time="18.822" errors="0">
  <testcase name="changePasswordTest" time="5.448" classname="com.qtpselenium.facebook.pom.testcases.ChangePasswordTest">
    <failure type="java.lang.NullPointerException">
      <![CDATA[java.lang.NullPointerException
	at com.qtpselenium.facebook.pom.testcases.base.BaseTest.init(BaseTest.java:65)
	at com.qtpselenium.facebook.pom.testcases.ChangePasswordTest.changePasswordTest(ChangePasswordTest.java:33)
... Removed 34 stack frames]]>
    </failure>
  </testcase> <!-- changePasswordTest -->
  <testcase name="doLogin" time="4.047" classname="com.qtpselenium.facebook.pom.testcases.LoginTest">
    <failure type="java.lang.NullPointerException">
      <![CDATA[java.lang.NullPointerException
	at com.qtpselenium.facebook.pom.testcases.base.BaseTest.init(BaseTest.java:65)
	at com.qtpselenium.facebook.pom.testcases.LoginTest.doLogin(LoginTest.java:34)
... Removed 34 stack frames]]>
    </failure>
  </testcase> <!-- doLogin -->
  <testcase name="doLogin" time="4.037" classname="com.qtpselenium.facebook.pom.testcases.LoginTest">
    <failure type="java.lang.NullPointerException">
      <![CDATA[java.lang.NullPointerException
	at com.qtpselenium.facebook.pom.testcases.base.BaseTest.init(BaseTest.java:65)
	at com.qtpselenium.facebook.pom.testcases.LoginTest.doLogin(LoginTest.java:34)
... Removed 34 stack frames]]>
    </failure>
  </testcase> <!-- doLogin -->
  <testcase name="testProfile" time="4.055" classname="com.qtpselenium.facebook.pom.testcases.ProfileTest">
    <failure type="java.lang.NullPointerException">
      <![CDATA[java.lang.NullPointerException
	at com.qtpselenium.facebook.pom.testcases.base.BaseTest.init(BaseTest.java:65)
	at com.qtpselenium.facebook.pom.testcases.ProfileTest.testProfile(ProfileTest.java:32)
... Removed 34 stack frames]]>
    </failure>
  </testcase> <!-- testProfile -->
</testsuite> <!-- Command line test -->
